2020-09-22 13:50:20.242 - Info	
Packing C:\LPLControl\TwoOptionBooleanButton\TwoOptionButtonSolution\obj\Debug\Metadata to bin\Debug\TwoOptionButtonSolution.zip and bin\Debug\TwoOptionButtonSolution_managed.zip

2020-09-22 13:50:20.260 - Info	Processing Component: Entities
2020-09-22 13:50:20.264 - Info	Processing Component: Roles
2020-09-22 13:50:20.268 - Info	Processing Component: Workflows
2020-09-22 13:50:20.269 - Info	Processing Component: FieldSecurityProfiles
2020-09-22 13:50:20.269 - Info	Processing Component: Templates
2020-09-22 13:50:20.270 - Info	Processing Component: EntityMaps
2020-09-22 13:50:20.270 - Info	Processing Component: EntityRelationships
2020-09-22 13:50:20.275 - Info	Processing Component: OrganizationSettings
2020-09-22 13:50:20.276 - Info	Processing Component: optionsets
2020-09-22 13:50:20.276 - Info	Processing Component: CustomControls
2020-09-22 13:50:20.287 - Info	 - TwoOptionBooleanButton.TwoOptionBooleanButton
2020-09-22 13:50:20.291 - Info	Processing Component: SolutionPluginAssemblies
2020-09-22 13:50:20.292 - Info	Processing Component: EntityDataProviders
2020-09-22 13:50:20.317 - Info	
Unmanaged Pack complete.

2020-09-22 13:50:20.318 - Info	Processing Component: Entities
2020-09-22 13:50:20.319 - Info	Processing Component: Roles
2020-09-22 13:50:20.319 - Info	Processing Component: Workflows
2020-09-22 13:50:20.319 - Info	Processing Component: FieldSecurityProfiles
2020-09-22 13:50:20.319 - Info	Processing Component: Templates
2020-09-22 13:50:20.319 - Info	Processing Component: EntityMaps
2020-09-22 13:50:20.319 - Info	Processing Component: EntityRelationships
2020-09-22 13:50:20.320 - Info	Processing Component: OrganizationSettings
2020-09-22 13:50:20.320 - Info	Processing Component: optionsets
2020-09-22 13:50:20.320 - Info	Processing Component: CustomControls
2020-09-22 13:50:20.323 - Info	 - TwoOptionBooleanButton.TwoOptionBooleanButton
2020-09-22 13:50:20.325 - Info	Processing Component: SolutionPluginAssemblies
2020-09-22 13:50:20.325 - Info	Processing Component: EntityDataProviders
2020-09-22 13:50:20.331 - Info	
Managed Pack complete.

